# JRE version: OpenJDK Runtime Environment Temurin-21.0.10+7 (21.0.10+7) (build 21.0.10+7-LTS)
# Java VM: OpenJDK 64-Bit Server VM Temurin-21.0.10+7 (21.0.10+7-LTS, mixed mode, sharing, tiered, compressed oops, compressed class ptrs, parallel gc, windows-amd64)
GC Precious Log:
 CardTable entry size: 512
 CPUs: 16 total, 16 available
 Memory: 15611M
 Large Page Support: Disabled
 NUMA Support: Disabled
 Compressed Oops: Enabled (32-bit)
 Alignments: Space 512K, Generation 512K, Heap 2M
 Heap Min Capacity: 100M
 Heap Initial Capacity: 100M
 Heap Max Capacity: 2G
 Pre-touch: Disabled
 Parallel Workers: 13
Heap:
 PSYoungGen      total 5632K, used 4843K [0x00000000d5580000, 0x00000000d5c00000, 0x0000000100000000)
  eden space 5120K, 85% used [0x00000000d5580000,0x00000000d59cc3c0,0x00000000d5a80000)
  from space 512K, 86% used [0x00000000d5b80000,0x00000000d5bee900,0x00000000d5c00000)
  to   space 512K, 0% used [0x00000000d5b00000,0x00000000d5b00000,0x00000000d5b80000)
 ParOldGen       total 863744K, used 629990K [0x0000000080000000, 0x00000000b4b80000, 0x00000000d5580000)
  object space 863744K, 72% used [0x0000000080000000,0x00000000a6739b68,0x00000000b4b80000)
 Metaspace       used 91906K, committed 93888K, reserved 1179648K
  class space    used 9457K, committed 10368K, reserved 1048576K
GC Heap History (20 events):
Event: 2189.863 GC heap before
{Heap before GC invocations=1951 (full 4):
 PSYoungGen      total 5632K, used 5626K [0x00000000d5580000, 0x00000000d5c80000, 0x0000000100000000)
  eden space 5120K, 100% used [0x00000000d5580000,0x00000000d5a80000,0x00000000d5a80000)
  from space 512K, 98% used [0x00000000d5c00000,0x00000000d5c7e920,0x00000000d5c80000)
  to   space 1024K, 0% used [0x00000000d5a80000,0x00000000d5a80000,0x00000000d5b80000)
 ParOldGen       total 863744K, used 625460K [0x0000000080000000, 0x00000000b4b80000, 0x00000000d5580000)
  object space 863744K, 72% used [0x0000000080000000,0x00000000a62cd028,0x00000000b4b80000)
 Metaspace       used 91837K, committed 93824K, reserved 1179648K
  class space    used 9457K, committed 10368K, reserved 1048576K
}
Event: 2189.866 GC heap after
{Heap after GC invocations=1951 (full 4):
 PSYoungGen      total 6144K, used 992K [0x00000000d5580000, 0x00000000d5d80000, 0x0000000100000000)
  eden space 5120K, 0% used [0x00000000d5580000,0x00000000d5580000,0x00000000d5a80000)
  from space 1024K, 96% used [0x00000000d5a80000,0x00000000d5b78020,0x00000000d5b80000)
  to   space 1536K, 0% used [0x00000000d5c00000,0x00000000d5c00000,0x00000000d5d80000)
 ParOldGen       total 863744K, used 625744K [0x0000000080000000, 0x00000000b4b80000, 0x00000000d5580000)
  object space 863744K, 72% used [0x0000000080000000,0x00000000a6314258,0x00000000b4b80000)
 Metaspace       used 91837K, committed 93824K, reserved 1179648K
  class space    used 9457K, committed 10368K, reserved 1048576K
}
Event: 2190.013 GC heap before
{Heap before GC invocations=1952 (full 4):
 PSYoungGen      total 6144K, used 6112K [0x00000000d5580000, 0x00000000d5d80000, 0x0000000100000000)
  eden space 5120K, 99% used [0x00000000d5580000,0x00000000d5a7fff0,0x00000000d5a80000)
  from space 1024K, 96% used [0x00000000d5a80000,0x00000000d5b78020,0x00000000d5b80000)
  to   space 1536K, 0% used [0x00000000d5c00000,0x00000000d5c00000,0x00000000d5d80000)
 ParOldGen       total 863744K, used 625744K [0x0000000080000000, 0x00000000b4b80000, 0x00000000d5580000)
  object space 863744K, 72% used [0x0000000080000000,0x00000000a6314258,0x00000000b4b80000)
 Metaspace       used 91842K, committed 93824K, reserved 1179648K
  class space    used 9457K, committed 10368K, reserved 1048576K
}
Event: 2190.017 GC heap after
{Heap after GC invocations=1952 (full 4):
 PSYoungGen      total 6144K, used 730K [0x00000000d5580000, 0x00000000d5d00000, 0x0000000100000000)
  eden space 5120K, 0% used [0x00000000d5580000,0x00000000d5580000,0x00000000d5a80000)
  from space 1024K, 71% used [0x00000000d5c00000,0x00000000d5cb6900,0x00000000d5d00000)
  to   space 1024K, 0% used [0x00000000d5a80000,0x00000000d5a80000,0x00000000d5b80000)
 ParOldGen       total 863744K, used 626564K [0x0000000080000000, 0x00000000b4b80000, 0x00000000d5580000)
  object space 863744K, 72% used [0x0000000080000000,0x00000000a63e12a8,0x00000000b4b80000)
 Metaspace       used 91842K, committed 93824K, reserved 1179648K
  class space    used 9457K, committed 10368K, reserved 1048576K
}
Event: 2190.033 GC heap before
{Heap before GC invocations=1953 (full 4):
 PSYoungGen      total 6144K, used 5850K [0x00000000d5580000, 0x00000000d5d00000, 0x0000000100000000)
  eden space 5120K, 100% used [0x00000000d5580000,0x00000000d5a80000,0x00000000d5a80000)
  from space 1024K, 71% used [0x00000000d5c00000,0x00000000d5cb6900,0x00000000d5d00000)
  to   space 1024K, 0% used [0x00000000d5a80000,0x00000000d5a80000,0x00000000d5b80000)
 ParOldGen       total 863744K, used 626564K [0x0000000080000000, 0x00000000b4b80000, 0x00000000d5580000)
  object space 863744K, 72% used [0x0000000080000000,0x00000000a63e12a8,0x00000000b4b80000)
 Metaspace       used 91842K, committed 93824K, reserved 1179648K
  class space    used 9457K, committed 10368K, reserved 1048576K
}
Event: 2190.035 GC heap after
{Heap after GC invocations=1953 (full 4):
 PSYoungGen      total 6144K, used 708K [0x00000000d5580000, 0x00000000d5c80000, 0x0000000100000000)
  eden space 5120K, 0% used [0x00000000d5580000,0x00000000d5580000,0x00000000d5a80000)
  from space 1024K, 69% used [0x00000000d5a80000,0x00000000d5b31210,0x00000000d5b80000)
  to   space 1024K, 0% used [0x00000000d5b80000,0x00000000d5b80000,0x00000000d5c80000)
 ParOldGen       total 863744K, used 627073K [0x0000000080000000, 0x00000000b4b80000, 0x00000000d5580000)
  object space 863744K, 72% used [0x0000000080000000,0x00000000a64604d8,0x00000000b4b80000)
 Metaspace       used 91842K, committed 93824K, reserved 1179648K
  class space    used 9457K, committed 10368K, reserved 1048576K
}
Event: 2294.937 GC heap before
{Heap before GC invocations=1954 (full 4):
 PSYoungGen      total 6144K, used 5828K [0x00000000d5580000, 0x00000000d5c80000, 0x0000000100000000)
  eden space 5120K, 100% used [0x00000000d5580000,0x00000000d5a80000,0x00000000d5a80000)
  from space 1024K, 69% used [0x00000000d5a80000,0x00000000d5b31210,0x00000000d5b80000)
  to   space 1024K, 0% used [0x00000000d5b80000,0x00000000d5b80000,0x00000000d5c80000)
 ParOldGen       total 863744K, used 627073K [0x0000000080000000, 0x00000000b4b80000, 0x00000000d5580000)
  object space 863744K, 72% used [0x0000000080000000,0x00000000a64604d8,0x00000000b4b80000)
 Metaspace       used 91863K, committed 93824K, reserved 1179648K
  class space    used 9457K, committed 10368K, reserved 1048576K
}
Event: 2294.942 GC heap after
{Heap after GC invocations=1954 (full 4):
 PSYoungGen      total 6144K, used 800K [0x00000000d5580000, 0x00000000d5c80000, 0x0000000100000000)
  eden space 5120K, 0% used [0x00000000d5580000,0x00000000d5580000,0x00000000d5a80000)
  from space 1024K, 78% used [0x00000000d5b80000,0x00000000d5c48000,0x00000000d5c80000)
  to   space 1024K, 0% used [0x00000000d5a80000,0x00000000d5a80000,0x00000000d5b80000)
 ParOldGen       total 863744K, used 627613K [0x0000000080000000, 0x00000000b4b80000, 0x00000000d5580000)
  object space 863744K, 72% used [0x0000000080000000,0x00000000a64e76e8,0x00000000b4b80000)
 Metaspace       used 91863K, committed 93824K, reserved 1179648K
  class space    used 9457K, committed 10368K, reserved 1048576K
}
Event: 2295.338 GC heap before
{Heap before GC invocations=1955 (full 4):
 PSYoungGen      total 6144K, used 5919K [0x00000000d5580000, 0x00000000d5c80000, 0x0000000100000000)
  eden space 5120K, 99% used [0x00000000d5580000,0x00000000d5a7fff8,0x00000000d5a80000)
  from space 1024K, 78% used [0x00000000d5b80000,0x00000000d5c48000,0x00000000d5c80000)
  to   space 1024K, 0% used [0x00000000d5a80000,0x00000000d5a80000,0x00000000d5b80000)
 ParOldGen       total 863744K, used 627613K [0x0000000080000000, 0x00000000b4b80000, 0x00000000d5580000)
  object space 863744K, 72% used [0x0000000080000000,0x00000000a64e76e8,0x00000000b4b80000)
 Metaspace       used 91884K, committed 93888K, reserved 1179648K
  class space    used 9457K, committed 10368K, reserved 1048576K
}
Event: 2295.345 GC heap after
{Heap after GC invocations=1955 (full 4):
 PSYoungGen      total 6144K, used 384K [0x00000000d5580000, 0x00000000d5c80000, 0x0000000100000000)
  eden space 5120K, 0% used [0x00000000d5580000,0x00000000d5580000,0x00000000d5a80000)
  from space 1024K, 37% used [0x00000000d5a80000,0x00000000d5ae0000,0x00000000d5b80000)
  to   space 1024K, 0% used [0x00000000d5b80000,0x00000000d5b80000,0x00000000d5c80000)
 ParOldGen       total 863744K, used 628245K [0x0000000080000000, 0x00000000b4b80000, 0x00000000d5580000)
  object space 863744K, 72% used [0x0000000080000000,0x00000000a6585708,0x00000000b4b80000)
 Metaspace       used 91884K, committed 93888K, reserved 1179648K
  class space    used 9457K, committed 10368K, reserved 1048576K
}
Event: 2295.365 GC heap before
{Heap before GC invocations=1956 (full 4):
 PSYoungGen      total 6144K, used 5504K [0x00000000d5580000, 0x00000000d5c80000, 0x0000000100000000)
  eden space 5120K, 100% used [0x00000000d5580000,0x00000000d5a80000,0x00000000d5a80000)
  from space 1024K, 37% used [0x00000000d5a80000,0x00000000d5ae0000,0x00000000d5b80000)
  to   space 1024K, 0% used [0x00000000d5b80000,0x00000000d5b80000,0x00000000d5c80000)
 ParOldGen       total 863744K, used 628245K [0x0000000080000000, 0x00000000b4b80000, 0x00000000d5580000)
  object space 863744K, 72% used [0x0000000080000000,0x00000000a6585708,0x00000000b4b80000)
 Metaspace       used 91888K, committed 93888K, reserved 1179648K
  class space    used 9457K, committed 10368K, reserved 1048576K
}
Event: 2295.371 GC heap after
{Heap after GC invocations=1956 (full 4):
 PSYoungGen      total 6144K, used 896K [0x00000000d5580000, 0x00000000d5c80000, 0x0000000100000000)
  eden space 5120K, 0% used [0x00000000d5580000,0x00000000d5580000,0x00000000d5a80000)
  from space 1024K, 87% used [0x00000000d5b80000,0x00000000d5c60000,0x00000000d5c80000)
  to   space 1024K, 0% used [0x00000000d5a80000,0x00000000d5a80000,0x00000000d5b80000)
 ParOldGen       total 863744K, used 628418K [0x0000000080000000, 0x00000000b4b80000, 0x00000000d5580000)
  object space 863744K, 72% used [0x0000000080000000,0x00000000a65b0908,0x00000000b4b80000)
 Metaspace       used 91888K, committed 93888K, reserved 1179648K
  class space    used 9457K, committed 10368K, reserved 1048576K
}
Event: 2295.397 GC heap before
{Heap before GC invocations=1957 (full 4):
 PSYoungGen      total 6144K, used 6016K [0x00000000d5580000, 0x00000000d5c80000, 0x0000000100000000)
  eden space 5120K, 100% used [0x00000000d5580000,0x00000000d5a80000,0x00000000d5a80000)
  from space 1024K, 87% used [0x00000000d5b80000,0x00000000d5c60000,0x00000000d5c80000)
  to   space 1024K, 0% used [0x00000000d5a80000,0x00000000d5a80000,0x00000000d5b80000)
 ParOldGen       total 863744K, used 628418K [0x0000000080000000, 0x00000000b4b80000, 0x00000000d5580000)
  object space 863744K, 72% used [0x0000000080000000,0x00000000a65b0908,0x00000000b4b80000)
 Metaspace       used 91893K, committed 93888K, reserved 1179648K
  class space    used 9457K, committed 10368K, reserved 1048576K
}
Event: 2295.402 GC heap after
{Heap after GC invocations=1957 (full 4):
 PSYoungGen      total 6144K, used 922K [0x00000000d5580000, 0x00000000d5c80000, 0x0000000100000000)
  eden space 5120K, 0% used [0x00000000d5580000,0x00000000d5580000,0x00000000d5a80000)
  from space 1024K, 90% used [0x00000000d5a80000,0x00000000d5b66900,0x00000000d5b80000)
  to   space 1024K, 0% used [0x00000000d5b80000,0x00000000d5b80000,0x00000000d5c80000)
 ParOldGen       total 863744K, used 629050K [0x0000000080000000, 0x00000000b4b80000, 0x00000000d5580000)
  object space 863744K, 72% used [0x0000000080000000,0x00000000a664e938,0x00000000b4b80000)
 Metaspace       used 91893K, committed 93888K, reserved 1179648K
  class space    used 9457K, committed 10368K, reserved 1048576K
}
Event: 2296.625 GC heap before
{Heap before GC invocations=1958 (full 4):
 PSYoungGen      total 6144K, used 6042K [0x00000000d5580000, 0x00000000d5c80000, 0x0000000100000000)
  eden space 5120K, 100% used [0x00000000d5580000,0x00000000d5a80000,0x00000000d5a80000)
  from space 1024K, 90% used [0x00000000d5a80000,0x00000000d5b66900,0x00000000d5b80000)
  to   space 1024K, 0% used [0x00000000d5b80000,0x00000000d5b80000,0x00000000d5c80000)
 ParOldGen       total 863744K, used 629050K [0x0000000080000000, 0x00000000b4b80000, 0x00000000d5580000)
  object space 863744K, 72% used [0x0000000080000000,0x00000000a664e938,0x00000000b4b80000)
 Metaspace       used 91894K, committed 93888K, reserved 1179648K
  class space    used 9457K, committed 10368K, reserved 1048576K
}
Event: 2296.629 GC heap after
{Heap after GC invocations=1958 (full 4):
 PSYoungGen      total 6144K, used 713K [0x00000000d5580000, 0x00000000d5c80000, 0x0000000100000000)
  eden space 5120K, 0% used [0x00000000d5580000,0x00000000d5580000,0x00000000d5a80000)
  from space 1024K, 69% used [0x00000000d5b80000,0x00000000d5c32400,0x00000000d5c80000)
  to   space 1024K, 0% used [0x00000000d5a80000,0x00000000d5a80000,0x00000000d5b80000)
 ParOldGen       total 863744K, used 629702K [0x0000000080000000, 0x00000000b4b80000, 0x00000000d5580000)
  object space 863744K, 72% used [0x0000000080000000,0x00000000a66f1b68,0x00000000b4b80000)
 Metaspace       used 91894K, committed 93888K, reserved 1179648K
  class space    used 9457K, committed 10368K, reserved 1048576K
}
Event: 2296.677 GC heap before
{Heap before GC invocations=1959 (full 4):
 PSYoungGen      total 6144K, used 5833K [0x00000000d5580000, 0x00000000d5c80000, 0x0000000100000000)
  eden space 5120K, 100% used [0x00000000d5580000,0x00000000d5a80000,0x00000000d5a80000)
  from space 1024K, 69% used [0x00000000d5b80000,0x00000000d5c32400,0x00000000d5c80000)
  to   space 1024K, 0% used [0x00000000d5a80000,0x00000000d5a80000,0x00000000d5b80000)
 ParOldGen       total 863744K, used 629702K [0x0000000080000000, 0x00000000b4b80000, 0x00000000d5580000)
  object space 863744K, 72% used [0x0000000080000000,0x00000000a66f1b68,0x00000000b4b80000)
 Metaspace       used 91894K, committed 93888K, reserved 1179648K
  class space    used 9457K, committed 10368K, reserved 1048576K
}
Event: 2296.681 GC heap after
{Heap after GC invocations=1959 (full 4):
 PSYoungGen      total 6144K, used 404K [0x00000000d5580000, 0x00000000d5c80000, 0x0000000100000000)
  eden space 5120K, 0% used [0x00000000d5580000,0x00000000d5580000,0x00000000d5a80000)
  from space 1024K, 39% used [0x00000000d5a80000,0x00000000d5ae5200,0x00000000d5b80000)
  to   space 1024K, 0% used [0x00000000d5b80000,0x00000000d5b80000,0x00000000d5c80000)
 ParOldGen       total 863744K, used 629974K [0x0000000080000000, 0x00000000b4b80000, 0x00000000d5580000)
  object space 863744K, 72% used [0x0000000080000000,0x00000000a6735b68,0x00000000b4b80000)
 Metaspace       used 91894K, committed 93888K, reserved 1179648K
  class space    used 9457K, committed 10368K, reserved 1048576K
}
Event: 2296.935 GC heap before
{Heap before GC invocations=1960 (full 4):
 PSYoungGen      total 6144K, used 5524K [0x00000000d5580000, 0x00000000d5c80000, 0x0000000100000000)
  eden space 5120K, 100% used [0x00000000d5580000,0x00000000d5a80000,0x00000000d5a80000)
  from space 1024K, 39% used [0x00000000d5a80000,0x00000000d5ae5200,0x00000000d5b80000)
  to   space 1024K, 0% used [0x00000000d5b80000,0x00000000d5b80000,0x00000000d5c80000)
 ParOldGen       total 863744K, used 629974K [0x0000000080000000, 0x00000000b4b80000, 0x00000000d5580000)
  object space 863744K, 72% used [0x0000000080000000,0x00000000a6735b68,0x00000000b4b80000)
 Metaspace       used 91902K, committed 93888K, reserved 1179648K
  class space    used 9457K, committed 10368K, reserved 1048576K
}
Event: 2296.938 GC heap after
{Heap after GC invocations=1960 (full 4):
 PSYoungGen      total 5632K, used 442K [0x00000000d5580000, 0x00000000d5c00000, 0x0000000100000000)
  eden space 5120K, 0% used [0x00000000d5580000,0x00000000d5580000,0x00000000d5a80000)
  from space 512K, 86% used [0x00000000d5b80000,0x00000000d5bee900,0x00000000d5c00000)
  to   space 512K, 0% used [0x00000000d5b00000,0x00000000d5b00000,0x00000000d5b80000)
 ParOldGen       total 863744K, used 629990K [0x0000000080000000, 0x00000000b4b80000, 0x00000000d5580000)
  object space 863744K, 72% used [0x0000000080000000,0x00000000a6739b68,0x00000000b4b80000)
 Metaspace       used 91902K, committed 93888K, reserved 1179648K
  class space    used 9457K, committed 10368K, reserved 1048576K
}

